<?xml version="1.0" encoding="UTF-8"?>
<testng-results ignored="0" total="6" passed="6" failed="0" skipped="0">
  <reporter-output>
  </reporter-output>
  <suite started-at="2026-05-10T00:34:20 IST" name="Default suite" finished-at="2026-05-10T00:35:23 IST" duration-ms="63525">
    <groups>
    </groups>
    <test started-at="2026-05-10T00:34:20 IST" name="Default test" finished-at="2026-05-10T00:35:23 IST" duration-ms="63525">
      <class name="tests.LoginTest">
        <test-method is-config="true" signature="setup()[pri:0, instance:tests.LoginTest@6f03482]" started-at="2026-05-10T00:34:21 IST" name="setup" finished-at="2026-05-10T00:34:29 IST" duration-ms="8127" status="PASS">
          <reporter-output>
          </reporter-output>
        </test-method> <!-- setup -->
        <test-method signature="validLoginTest(java.lang.String,java.lang.String,java.lang.String)[pri:0, instance:tests.LoginTest@6f03482]" started-at="2026-05-10T00:34:29 IST" name="validLoginTest" data-provider="loginData" finished-at="2026-05-10T00:34:35 IST" duration-ms="5658" status="PASS">
          <params>
            <param index="0">
              <value>
                <![CDATA[admin]]>
              </value>
            </param>
            <param index="1">
              <value>
                <![CDATA[admin123]]>
              </value>
            </param>
            <param index="2">
              <value>
                <![CDATA[Success]]>
              </value>
            </param>
          </params>
          <reporter-output>
          </reporter-output>
        </test-method> <!-- validLoginTest -->
        <test-method is-config="true" signature="tearDown()[pri:0, instance:tests.LoginTest@6f03482]" started-at="2026-05-10T00:34:35 IST" name="tearDown" finished-at="2026-05-10T00:34:35 IST" duration-ms="263" status="PASS">
          <reporter-output>
          </reporter-output>
        </test-method> <!-- tearDown -->
        <test-method is-config="true" signature="setup()[pri:0, instance:tests.LoginTest@6f03482]" started-at="2026-05-10T00:34:35 IST" name="setup" finished-at="2026-05-10T00:34:41 IST" duration-ms="6187" status="PASS">
          <reporter-output>
          </reporter-output>
        </test-method> <!-- setup -->
        <test-method signature="validLoginTest(java.lang.String,java.lang.String,java.lang.String)[pri:0, instance:tests.LoginTest@6f03482]" started-at="2026-05-10T00:34:41 IST" name="validLoginTest" data-provider="loginData" finished-at="2026-05-10T00:34:44 IST" duration-ms="2892" status="PASS">
          <params>
            <param index="0">
              <value>
                <![CDATA[admin_wrong]]>
              </value>
            </param>
            <param index="1">
              <value>
                <![CDATA[wrongpassword]]>
              </value>
            </param>
            <param index="2">
              <value>
                <![CDATA[Faliure]]>
              </value>
            </param>
          </params>
          <reporter-output>
          </reporter-output>
        </test-method> <!-- validLoginTest -->
        <test-method is-config="true" signature="tearDown()[pri:0, instance:tests.LoginTest@6f03482]" started-at="2026-05-10T00:34:44 IST" name="tearDown" finished-at="2026-05-10T00:34:44 IST" duration-ms="217" status="PASS">
          <reporter-output>
          </reporter-output>
        </test-method> <!-- tearDown -->
        <test-method is-config="true" signature="setup()[pri:0, instance:tests.LoginTest@6f03482]" started-at="2026-05-10T00:34:44 IST" name="setup" finished-at="2026-05-10T00:34:51 IST" duration-ms="6686" status="PASS">
          <reporter-output>
          </reporter-output>
        </test-method> <!-- setup -->
        <test-method signature="validLoginTest(java.lang.String,java.lang.String,java.lang.String)[pri:0, instance:tests.LoginTest@6f03482]" started-at="2026-05-10T00:34:51 IST" name="validLoginTest" data-provider="loginData" finished-at="2026-05-10T00:34:52 IST" duration-ms="1356" status="PASS">
          <params>
            <param index="0">
              <value>
                <![CDATA[]]>
              </value>
            </param>
            <param index="1">
              <value>
                <![CDATA[]]>
              </value>
            </param>
            <param index="2">
              <value>
                <![CDATA[Empty]]>
              </value>
            </param>
          </params>
          <reporter-output>
          </reporter-output>
        </test-method> <!-- validLoginTest -->
        <test-method is-config="true" signature="tearDown()[pri:0, instance:tests.LoginTest@6f03482]" started-at="2026-05-10T00:34:52 IST" name="tearDown" finished-at="2026-05-10T00:34:53 IST" duration-ms="504" status="PASS">
          <reporter-output>
          </reporter-output>
        </test-method> <!-- tearDown -->
        <test-method is-config="true" signature="setup()[pri:0, instance:tests.LoginTest@6f03482]" started-at="2026-05-10T00:34:53 IST" name="setup" finished-at="2026-05-10T00:34:59 IST" duration-ms="6427" status="PASS">
          <reporter-output>
          </reporter-output>
        </test-method> <!-- setup -->
        <test-method signature="validLoginTest(java.lang.String,java.lang.String,java.lang.String)[pri:0, instance:tests.LoginTest@6f03482]" started-at="2026-05-10T00:34:59 IST" name="validLoginTest" data-provider="loginData" finished-at="2026-05-10T00:35:02 IST" duration-ms="2721" status="PASS">
          <params>
            <param index="0">
              <value>
                <![CDATA[admin' OR '1'='1]]>
              </value>
            </param>
            <param index="1">
              <value>
                <![CDATA[admin123]]>
              </value>
            </param>
            <param index="2">
              <value>
                <![CDATA[Faliure]]>
              </value>
            </param>
          </params>
          <reporter-output>
          </reporter-output>
        </test-method> <!-- validLoginTest -->
        <test-method is-config="true" signature="tearDown()[pri:0, instance:tests.LoginTest@6f03482]" started-at="2026-05-10T00:35:02 IST" name="tearDown" finished-at="2026-05-10T00:35:02 IST" duration-ms="239" status="PASS">
          <reporter-output>
          </reporter-output>
        </test-method> <!-- tearDown -->
        <test-method is-config="true" signature="setup()[pri:0, instance:tests.LoginTest@6f03482]" started-at="2026-05-10T00:35:02 IST" name="setup" finished-at="2026-05-10T00:35:08 IST" duration-ms="5928" status="PASS">
          <reporter-output>
          </reporter-output>
        </test-method> <!-- setup -->
        <test-method signature="validLoginTest(java.lang.String,java.lang.String,java.lang.String)[pri:0, instance:tests.LoginTest@6f03482]" started-at="2026-05-10T00:35:08 IST" name="validLoginTest" data-provider="loginData" finished-at="2026-05-10T00:35:11 IST" duration-ms="2689" status="PASS">
          <params>
            <param index="0">
              <value>
                <![CDATA[admin_locked]]>
              </value>
            </param>
            <param index="1">
              <value>
                <![CDATA[admin123]]>
              </value>
            </param>
            <param index="2">
              <value>
                <![CDATA[Faliure]]>
              </value>
            </param>
          </params>
          <reporter-output>
          </reporter-output>
        </test-method> <!-- validLoginTest -->
        <test-method is-config="true" signature="tearDown()[pri:0, instance:tests.LoginTest@6f03482]" started-at="2026-05-10T00:35:11 IST" name="tearDown" finished-at="2026-05-10T00:35:11 IST" duration-ms="355" status="PASS">
          <reporter-output>
          </reporter-output>
        </test-method> <!-- tearDown -->
        <test-method is-config="true" signature="setup()[pri:0, instance:tests.LoginTest@6f03482]" started-at="2026-05-10T00:35:11 IST" name="setup" finished-at="2026-05-10T00:35:17 IST" duration-ms="6275" status="PASS">
          <reporter-output>
          </reporter-output>
        </test-method> <!-- setup -->
        <test-method signature="validLoginTest(java.lang.String,java.lang.String,java.lang.String)[pri:0, instance:tests.LoginTest@6f03482]" started-at="2026-05-10T00:35:17 IST" name="validLoginTest" data-provider="loginData" finished-at="2026-05-10T00:35:23 IST" duration-ms="5248" status="PASS">
          <params>
            <param index="0">
              <value>
                <![CDATA[admin]]>
              </value>
            </param>
            <param index="1">
              <value>
                <![CDATA[admin123]]>
              </value>
            </param>
            <param index="2">
              <value>
                <![CDATA[Success]]>
              </value>
            </param>
          </params>
          <reporter-output>
          </reporter-output>
        </test-method> <!-- validLoginTest -->
        <test-method is-config="true" signature="tearDown()[pri:0, instance:tests.LoginTest@6f03482]" started-at="2026-05-10T00:35:23 IST" name="tearDown" finished-at="2026-05-10T00:35:23 IST" duration-ms="517" status="PASS">
          <reporter-output>
          </reporter-output>
        </test-method> <!-- tearDown -->
      </class> <!-- tests.LoginTest -->
    </test> <!-- Default test -->
  </suite> <!-- Default suite -->
</testng-results>
