<?xml version="1.0" encoding="UTF-8"?>
<!-- Generated by org.testng.reporters.JUnitReportReporter -->
<testsuite hostname="Parvez_Khan_LOQ" failures="0" tests="6" name="tests.LoginTest" time="62.289" errors="0" timestamp="2026-05-10T00:35:23 IST" skipped="0">
  <testcase classname="tests.LoginTest" name="validLoginTest" time="11.065"/>
  <testcase classname="tests.LoginTest" name="validLoginTest" time="9.638"/>
  <testcase classname="tests.LoginTest" name="validLoginTest" time="9.406"/>
  <testcase classname="tests.LoginTest" name="validLoginTest" time="7.639"/>
  <testcase classname="tests.LoginTest" name="validLoginTest" time="12.362"/>
  <testcase classname="tests.LoginTest" name="validLoginTest" time="12.179"/>
</testsuite> <!-- tests.LoginTest -->
