<?xml version="1.0" encoding="UTF-8"?>
<!-- Generated by org.testng.reporters.JUnitXMLReporter -->
<testsuite ignored="0" hostname="Parvez_Khan_LOQ" failures="0" tests="6" name="Default test" time="63.525" errors="0" timestamp="2026-05-10T00:35:23 IST">
  <testcase classname="tests.LoginTest" name="validLoginTest" time="5.658"/>
  <testcase classname="tests.LoginTest" name="validLoginTest" time="2.892"/>
  <testcase classname="tests.LoginTest" name="validLoginTest" time="1.356"/>
  <testcase classname="tests.LoginTest" name="validLoginTest" time="2.721"/>
  <testcase classname="tests.LoginTest" name="validLoginTest" time="2.689"/>
  <testcase classname="tests.LoginTest" name="validLoginTest" time="5.248"/>
</testsuite> <!-- Default test -->
